Running: /usr/local/apache-maven/apache-maven-3.9.10/bin/mvn -B -e org.openrewrite.maven:rewrite-maven-plugin:6.26.0:run -Drewrite.plainTextMasks=**/*.txt,**/src/main/codestarts/**/*.java,**/*.md,**/*.kt,**/src/test/resources/__snapshots__/**/*.java,**/*.adoc,**/META-INF/services/** -Drewrite.configLocation=/opt/projects/order-invoice-app/target/rewrite/rewrite.yaml -Drewrite.recipeArtifactCoordinates=io.quarkus:quarkus-update-recipes:1.9.0 -Drewrite.activeRecipes=io.quarkus.openrewrite.Quarkus -Drewrite.pomCacheEnabled=false
[INFO] Error stacktraces are turned on.
[INFO] Scanning for projects...
[INFO] 
[INFO] -------------------< org.example:order-invoice-app >--------------------
[INFO] Building order-invoice-app 1.0.0-SNAPSHOT
[INFO]   from pom.xml
[INFO] --------------------------------[ jar ]---------------------------------
[INFO] 
[INFO] >>> rewrite:6.26.0:run (default-cli) > process-test-classes @ order-invoice-app >>>
[INFO] 
[INFO] --- resources:3.3.1:resources (default-resources) @ order-invoice-app ---
[INFO] Copying 1 resource from src/main/resources to target/classes
[INFO] 
[INFO] --- compiler:3.11.0:compile (default-compile) @ order-invoice-app ---
[INFO] Changes detected - recompiling the module! :source
[INFO] Compiling 5 source files with javac [debug target 21] to target/classes
[INFO] Die Annotationsverarbeitung ist aktiviert, da mindestens ein Prozessor im
  Classpath gefunden wurde. In einem zukünftigen Release von javac kann die Annotationsverarbeitung deaktiviert werden,
  es sei denn, mindestens ein Prozessor ist namentlich angegeben (-processor), oder ein Suchpfad
  ist angegeben (--processor-path, --processor-module-path), oder die Annotationsverarbeitung
  wurde explizit aktiviert (-proc:only, -proc:full).
  Verwenden Sie "-Xlint:-options", um diese Meldung zu unterdrücken.
  Verwenden Sie "-proc:none", um die Annotationsverarbeitung zu deaktivieren.
[INFO] 
[INFO] --- resources:3.3.1:testResources (default-testResources) @ order-invoice-app ---
[INFO] skip non existing resourceDirectory /opt/projects/order-invoice-app/src/test/resources
[INFO] 
[INFO] --- compiler:3.11.0:testCompile (default-testCompile) @ order-invoice-app ---
[INFO] Changes detected - recompiling the module! :dependency
[INFO] 
[INFO] <<< rewrite:6.26.0:run (default-cli) < process-test-classes @ order-invoice-app <<<
[INFO] 
[INFO] 
[INFO] --- rewrite:6.26.0:run (default-cli) @ order-invoice-app ---
[INFO] Using active recipe(s) [io.quarkus.openrewrite.Quarkus]
[INFO] Using active styles(s) []
[INFO] Downloading from central: https://repo.maven.apache.org/maven2/io/quarkus/quarkus-update-recipes/1.9.0/quarkus-update-recipes-1.9.0.pom
[INFO] Downloaded from central: https://repo.maven.apache.org/maven2/io/quarkus/quarkus-update-recipes/1.9.0/quarkus-update-recipes-1.9.0.pom (5.7 kB at 20 kB/s)
[INFO] Validating active recipes...
[INFO] Project [order-invoice-app] Resolving Poms...
[INFO] Project [order-invoice-app] Parsing source files
[INFO] Running recipe(s)...
[WARNING] Changes have been made to pom.xml by:
[WARNING]     org.openrewrite.maven.UpgradeDependencyVersion: {groupId=io.quarkus, artifactId=quarkus-bom, newVersion=3.31.1}
[WARNING]         io.quarkus.updates.core.quarkus39.Relocations
[WARNING]             org.openrewrite.java.dependencies.ChangeDependency: {oldGroupId=io.quarkus, oldArtifactId=quarkus-resteasy-reactive-jackson, newArtifactId=quarkus-rest-jackson}
[WARNING]             org.openrewrite.java.dependencies.ChangeDependency: {oldGroupId=io.quarkus, oldArtifactId=quarkus-smallrye-reactive-messaging-amqp, newArtifactId=quarkus-messaging-amqp}
[WARNING]             io.quarkus.updates.core.quarkus331.CoreUpdate331
[WARNING]                 io.quarkus.updates.core.quarkus331.AddExtensionsTrueToQuarkusMavenPlugin
[WARNING] Changes have been made to src/main/resources/application.properties by:
[WARNING]     io.quarkus.updates.core.quarkus323.HibernateORMSchemaManagementProperties
[WARNING]         org.openrewrite.quarkus.ChangeQuarkusPropertyKey: {oldPropertyKey=quarkus\.hibernate-orm\.database\.generation, newPropertyKey=quarkus.hibernate-orm.schema-management.strategy}
[WARNING] Please review and commit the results.
[WARNING] Estimate time saved: 10m
[INFO] ------------------------------------------------------------------------
[INFO] BUILD SUCCESS
[INFO] ------------------------------------------------------------------------
[INFO] Total time:  19.107 s
[INFO] Finished at: 2026-01-29T19:31:36+01:00
[INFO] ------------------------------------------------------------------------


~~~~~~~~~~~~~~~~~~~~~~~~~~~~~~~~~~~~

Running: /usr/local/apache-maven/apache-maven-3.9.10/bin/mvn -B -e process-sources
[INFO] Error stacktraces are turned on.
[INFO] Scanning for projects...
[INFO] 
[INFO] -------------------< org.example:order-invoice-app >--------------------
[INFO] Building order-invoice-app 1.0.0-SNAPSHOT
[INFO]   from pom.xml
[INFO] --------------------------------[ jar ]---------------------------------
[INFO] ------------------------------------------------------------------------
[INFO] BUILD SUCCESS
[INFO] ------------------------------------------------------------------------
[INFO] Total time:  1.034 s
[INFO] Finished at: 2026-01-29T19:31:38+01:00
[INFO] ------------------------------------------------------------------------


~~~~~~~~~~~~~~~~~~~~~~~~~~~~~~~~~~~~

